
*** Running vivado
    with args -log design_1_axi_smc_1.vds -m64 -product Vivado -mode batch -messageDb vivado.pb -notrace -source design_1_axi_smc_1.tcl


****** Vivado v2024.2 (64-bit)
  **** SW Build 5239630 on Fri Nov 08 22:34:34 MST 2024
  **** IP Build 5239520 on Sun Nov 10 16:12:51 MST 2024
  **** SharedData Build 5239561 on Fri Nov 08 14:39:27 MST 2024
  **** Start of session at: Mon Apr 20 11:38:04 2026
    ** Copyright 1986-2022 Xilinx, Inc. All Rights Reserved.
    ** Copyright 2022-2024 Advanced Micro Devices, Inc. All Rights Reserved.

source design_1_axi_smc_1.tcl -notrace
INFO: [IP_Flow 19-234] Refreshing IP repositories
INFO: [IP_Flow 19-1700] Loaded user IP repository '/home/user18/workspace_ondevice_2/SoC/ip_repo/myip_rxtx_1_0'.
INFO: [IP_Flow 19-2313] Loaded Vivado IP repository '/opt/Xilinx/Vivado/2024.2/data/ip'.
INFO: [IP_Flow 19-6924] IPCACHE: Running cache check for IP inst: design_1_axi_smc_1
INFO: [IP_Flow 19-6922] IPCACHE: Exporting cached entry 54dc5492b81faab8 to dir: /home/user18/workspace_ondevice_2/SoC/project_rxtx/project_rxtx.runs/design_1_axi_smc_1_synth_1
INFO: [IP_Flow 19-6928] IPCACHE: copied cached file /home/user18/workspace_ondevice_2/SoC/project_rxtx/project_rxtx.cache/ip/2024.2/5/4/54dc5492b81faab8/design_1_axi_smc_1.dcp to /home/user18/workspace_ondevice_2/SoC/project_rxtx/project_rxtx.runs/design_1_axi_smc_1_synth_1/design_1_axi_smc_1.dcp.
INFO: [IP_Flow 19-6928] IPCACHE: copied cached file /home/user18/workspace_ondevice_2/SoC/project_rxtx/project_rxtx.cache/ip/2024.2/5/4/54dc5492b81faab8/design_1_axi_smc_1_sim_netlist.vhdl to /home/user18/workspace_ondevice_2/SoC/project_rxtx/project_rxtx.runs/design_1_axi_smc_1_synth_1/design_1_axi_smc_1_sim_netlist.vhdl.
INFO: [IP_Flow 19-6928] IPCACHE: copied cached file /home/user18/workspace_ondevice_2/SoC/project_rxtx/project_rxtx.cache/ip/2024.2/5/4/54dc5492b81faab8/design_1_axi_smc_1_stub.vhdl to /home/user18/workspace_ondevice_2/SoC/project_rxtx/project_rxtx.runs/design_1_axi_smc_1_synth_1/design_1_axi_smc_1_stub.vhdl.
INFO: [IP_Flow 19-6928] IPCACHE: copied cached file /home/user18/workspace_ondevice_2/SoC/project_rxtx/project_rxtx.cache/ip/2024.2/5/4/54dc5492b81faab8/design_1_axi_smc_1_sim_netlist.v to /home/user18/workspace_ondevice_2/SoC/project_rxtx/project_rxtx.runs/design_1_axi_smc_1_synth_1/design_1_axi_smc_1_sim_netlist.v.
INFO: [IP_Flow 19-6928] IPCACHE: copied cached file /home/user18/workspace_ondevice_2/SoC/project_rxtx/project_rxtx.cache/ip/2024.2/5/4/54dc5492b81faab8/design_1_axi_smc_1_stub.v to /home/user18/workspace_ondevice_2/SoC/project_rxtx/project_rxtx.runs/design_1_axi_smc_1_synth_1/design_1_axi_smc_1_stub.v.
INFO: [IP_Flow 19-4838] Using cached IP synthesis design for IP design_1_axi_smc_1, cache-ID = 54dc5492b81faab8.
INFO: [Common 17-206] Exiting Vivado at Mon Apr 20 11:38:10 2026...
