
*** Running vivado
    with args -log design_1_wrapper.vdi -applog -m64 -product Vivado -messageDb vivado.pb -mode batch -source design_1_wrapper.tcl -notrace


****** Vivado v2024.2 (64-bit)
  **** SW Build 5239630 on Fri Nov 08 22:34:34 MST 2024
  **** IP Build 5239520 on Sun Nov 10 16:12:51 MST 2024
  **** SharedData Build 5239561 on Fri Nov 08 14:39:27 MST 2024
  **** Start of session at: Mon Apr 20 12:17:07 2026
    ** Copyright 1986-2022 Xilinx, Inc. All Rights Reserved.
    ** Copyright 2022-2024 Advanced Micro Devices, Inc. All Rights Reserved.

source design_1_wrapper.tcl -notrace
INFO: [IP_Flow 19-234] Refreshing IP repositories
INFO: [IP_Flow 19-1700] Loaded user IP repository '/home/user18/workspace_ondevice_2/SoC/ip_repo/myip_rxtx_1_0'.
INFO: [IP_Flow 19-2313] Loaded Vivado IP repository '/opt/Xilinx/Vivado/2024.2/data/ip'.
Command: link_design -top design_1_wrapper -part xc7a35tcpg236-1
Design is defaulting to srcset: sources_1
Design is defaulting to constrset: constrs_1
INFO: [Device 21-403] Loading part xc7a35tcpg236-1
INFO: [Project 1-454] Reading design checkpoint '/home/user18/workspace_ondevice_2/SoC/project_rxtx/project_rxtx.gen/sources_1/bd/design_1/ip/design_1_axi_gpio_0_4/design_1_axi_gpio_0_4.dcp' for cell 'design_1_i/axi_gpio_0'
INFO: [Project 1-454] Reading design checkpoint '/home/user18/workspace_ondevice_2/SoC/project_rxtx/project_rxtx.gen/sources_1/bd/design_1/ip/design_1_axi_gpio_1_0/design_1_axi_gpio_1_0.dcp' for cell 'design_1_i/axi_gpio_1'
INFO: [Project 1-454] Reading design checkpoint '/home/user18/workspace_ondevice_2/SoC/project_rxtx/project_rxtx.gen/sources_1/bd/design_1/ip/design_1_axi_gpio_2_0/design_1_axi_gpio_2_0.dcp' for cell 'design_1_i/axi_gpio_2'
INFO: [Project 1-454] Reading design checkpoint '/home/user18/workspace_ondevice_2/SoC/project_rxtx/project_rxtx.gen/sources_1/bd/design_1/ip/design_1_axi_smc_1/design_1_axi_smc_1.dcp' for cell 'design_1_i/axi_smc'
INFO: [Project 1-454] Reading design checkpoint '/home/user18/workspace_ondevice_2/SoC/project_rxtx/project_rxtx.gen/sources_1/bd/design_1/ip/design_1_axi_uartlite_0_1/design_1_axi_uartlite_0_1.dcp' for cell 'design_1_i/axi_uartlite_0'
INFO: [Project 1-454] Reading design checkpoint '/home/user18/workspace_ondevice_2/SoC/project_rxtx/project_rxtx.gen/sources_1/bd/design_1/ip/design_1_clk_wiz_2/design_1_clk_wiz_2.dcp' for cell 'design_1_i/clk_wiz'
INFO: [Project 1-454] Reading design checkpoint '/home/user18/workspace_ondevice_2/SoC/project_rxtx/project_rxtx.gen/sources_1/bd/design_1/ip/design_1_mdm_1_1/design_1_mdm_1_1.dcp' for cell 'design_1_i/mdm_1'
INFO: [Project 1-454] Reading design checkpoint '/home/user18/workspace_ondevice_2/SoC/project_rxtx/project_rxtx.gen/sources_1/bd/design_1/ip/design_1_microblaze_riscv_0_1/design_1_microblaze_riscv_0_1.dcp' for cell 'design_1_i/microblaze_riscv_0'
INFO: [Project 1-454] Reading design checkpoint '/home/user18/workspace_ondevice_2/SoC/project_rxtx/project_rxtx.gen/sources_1/bd/design_1/ip/design_1_myip_rxtx_0_2/design_1_myip_rxtx_0_2.dcp' for cell 'design_1_i/myip_rxtx_0'
INFO: [Project 1-454] Reading design checkpoint '/home/user18/workspace_ondevice_2/SoC/project_rxtx/project_rxtx.gen/sources_1/bd/design_1/ip/design_1_proc_sys_reset_0_0/design_1_proc_sys_reset_0_0.dcp' for cell 'design_1_i/proc_sys_reset_0'
INFO: [Project 1-454] Reading design checkpoint '/home/user18/workspace_ondevice_2/SoC/project_rxtx/project_rxtx.gen/sources_1/bd/design_1/ip/design_1_dlmb_bram_if_cntlr_1/design_1_dlmb_bram_if_cntlr_1.dcp' for cell 'design_1_i/microblaze_riscv_0_local_memory/dlmb_bram_if_cntlr'
INFO: [Project 1-454] Reading design checkpoint '/home/user18/workspace_ondevice_2/SoC/project_rxtx/project_rxtx.gen/sources_1/bd/design_1/ip/design_1_dlmb_v10_1/design_1_dlmb_v10_1.dcp' for cell 'design_1_i/microblaze_riscv_0_local_memory/dlmb_v10'
INFO: [Project 1-454] Reading design checkpoint '/home/user18/workspace_ondevice_2/SoC/project_rxtx/project_rxtx.gen/sources_1/bd/design_1/ip/design_1_ilmb_bram_if_cntlr_1/design_1_ilmb_bram_if_cntlr_1.dcp' for cell 'design_1_i/microblaze_riscv_0_local_memory/ilmb_bram_if_cntlr'
INFO: [Project 1-454] Reading design checkpoint '/home/user18/workspace_ondevice_2/SoC/project_rxtx/project_rxtx.gen/sources_1/bd/design_1/ip/design_1_ilmb_v10_1/design_1_ilmb_v10_1.dcp' for cell 'design_1_i/microblaze_riscv_0_local_memory/ilmb_v10'
INFO: [Project 1-454] Reading design checkpoint '/home/user18/workspace_ondevice_2/SoC/project_rxtx/project_rxtx.gen/sources_1/bd/design_1/ip/design_1_lmb_bram_1/design_1_lmb_bram_1.dcp' for cell 'design_1_i/microblaze_riscv_0_local_memory/lmb_bram'
Netlist sorting complete. Time (s): cpu = 00:00:00.16 ; elapsed = 00:00:00.17 . Memory (MB): peak = 1516.086 ; gain = 0.000 ; free physical = 4198 ; free virtual = 38970
INFO: [Netlist 29-17] Analyzing 221 Unisim elements for replacement
INFO: [Netlist 29-28] Unisim Transformation completed in 0 CPU seconds
INFO: [Project 1-479] Netlist was created with Vivado 2024.2
INFO: [Project 1-570] Preparing netlist for logic optimization
Parsing XDC File [/home/user18/workspace_ondevice_2/SoC/project_rxtx/project_rxtx.gen/sources_1/bd/design_1/ip/design_1_proc_sys_reset_0_0/design_1_proc_sys_reset_0_0_board.xdc] for cell 'design_1_i/proc_sys_reset_0/U0'
Finished Parsing XDC File [/home/user18/workspace_ondevice_2/SoC/project_rxtx/project_rxtx.gen/sources_1/bd/design_1/ip/design_1_proc_sys_reset_0_0/design_1_proc_sys_reset_0_0_board.xdc] for cell 'design_1_i/proc_sys_reset_0/U0'
Parsing XDC File [/home/user18/workspace_ondevice_2/SoC/project_rxtx/project_rxtx.gen/sources_1/bd/design_1/ip/design_1_proc_sys_reset_0_0/design_1_proc_sys_reset_0_0.xdc] for cell 'design_1_i/proc_sys_reset_0/U0'
Finished Parsing XDC File [/home/user18/workspace_ondevice_2/SoC/project_rxtx/project_rxtx.gen/sources_1/bd/design_1/ip/design_1_proc_sys_reset_0_0/design_1_proc_sys_reset_0_0.xdc] for cell 'design_1_i/proc_sys_reset_0/U0'
Parsing XDC File [/home/user18/workspace_ondevice_2/SoC/project_rxtx/project_rxtx.gen/sources_1/bd/design_1/ip/design_1_clk_wiz_2/design_1_clk_wiz_2_board.xdc] for cell 'design_1_i/clk_wiz/inst'
Finished Parsing XDC File [/home/user18/workspace_ondevice_2/SoC/project_rxtx/project_rxtx.gen/sources_1/bd/design_1/ip/design_1_clk_wiz_2/design_1_clk_wiz_2_board.xdc] for cell 'design_1_i/clk_wiz/inst'
Parsing XDC File [/home/user18/workspace_ondevice_2/SoC/project_rxtx/project_rxtx.gen/sources_1/bd/design_1/ip/design_1_clk_wiz_2/design_1_clk_wiz_2.xdc] for cell 'design_1_i/clk_wiz/inst'
INFO: [Timing 38-35] Done setting XDC timing constraints. [/home/user18/workspace_ondevice_2/SoC/project_rxtx/project_rxtx.gen/sources_1/bd/design_1/ip/design_1_clk_wiz_2/design_1_clk_wiz_2.xdc:54]
INFO: [Timing 38-2] Deriving generated clocks [/home/user18/workspace_ondevice_2/SoC/project_rxtx/project_rxtx.gen/sources_1/bd/design_1/ip/design_1_clk_wiz_2/design_1_clk_wiz_2.xdc:54]
get_clocks: Time (s): cpu = 00:00:06 ; elapsed = 00:00:05 . Memory (MB): peak = 2279.441 ; gain = 517.766 ; free physical = 3631 ; free virtual = 38403
Finished Parsing XDC File [/home/user18/workspace_ondevice_2/SoC/project_rxtx/project_rxtx.gen/sources_1/bd/design_1/ip/design_1_clk_wiz_2/design_1_clk_wiz_2.xdc] for cell 'design_1_i/clk_wiz/inst'
Parsing XDC File [/home/user18/workspace_ondevice_2/SoC/project_rxtx/project_rxtx.gen/sources_1/bd/design_1/ip/design_1_microblaze_riscv_0_1/design_1_microblaze_riscv_0_1.xdc] for cell 'design_1_i/microblaze_riscv_0/U0'
Finished Parsing XDC File [/home/user18/workspace_ondevice_2/SoC/project_rxtx/project_rxtx.gen/sources_1/bd/design_1/ip/design_1_microblaze_riscv_0_1/design_1_microblaze_riscv_0_1.xdc] for cell 'design_1_i/microblaze_riscv_0/U0'
Parsing XDC File [/home/user18/workspace_ondevice_2/SoC/project_rxtx/project_rxtx.gen/sources_1/bd/design_1/ip/design_1_axi_uartlite_0_1/design_1_axi_uartlite_0_1_board.xdc] for cell 'design_1_i/axi_uartlite_0/U0'
Finished Parsing XDC File [/home/user18/workspace_ondevice_2/SoC/project_rxtx/project_rxtx.gen/sources_1/bd/design_1/ip/design_1_axi_uartlite_0_1/design_1_axi_uartlite_0_1_board.xdc] for cell 'design_1_i/axi_uartlite_0/U0'
Parsing XDC File [/home/user18/workspace_ondevice_2/SoC/project_rxtx/project_rxtx.gen/sources_1/bd/design_1/ip/design_1_axi_uartlite_0_1/design_1_axi_uartlite_0_1.xdc] for cell 'design_1_i/axi_uartlite_0/U0'
Finished Parsing XDC File [/home/user18/workspace_ondevice_2/SoC/project_rxtx/project_rxtx.gen/sources_1/bd/design_1/ip/design_1_axi_uartlite_0_1/design_1_axi_uartlite_0_1.xdc] for cell 'design_1_i/axi_uartlite_0/U0'
Parsing XDC File [/home/user18/workspace_ondevice_2/SoC/project_rxtx/project_rxtx.gen/sources_1/bd/design_1/ip/design_1_axi_smc_1/bd_0/ip/ip_1/bd_6f02_psr_aclk_0_board.xdc] for cell 'design_1_i/axi_smc/inst/clk_map/psr_aclk/U0'
Finished Parsing XDC File [/home/user18/workspace_ondevice_2/SoC/project_rxtx/project_rxtx.gen/sources_1/bd/design_1/ip/design_1_axi_smc_1/bd_0/ip/ip_1/bd_6f02_psr_aclk_0_board.xdc] for cell 'design_1_i/axi_smc/inst/clk_map/psr_aclk/U0'
Parsing XDC File [/home/user18/workspace_ondevice_2/SoC/project_rxtx/project_rxtx.gen/sources_1/bd/design_1/ip/design_1_axi_smc_1/bd_0/ip/ip_1/bd_6f02_psr_aclk_0.xdc] for cell 'design_1_i/axi_smc/inst/clk_map/psr_aclk/U0'
Finished Parsing XDC File [/home/user18/workspace_ondevice_2/SoC/project_rxtx/project_rxtx.gen/sources_1/bd/design_1/ip/design_1_axi_smc_1/bd_0/ip/ip_1/bd_6f02_psr_aclk_0.xdc] for cell 'design_1_i/axi_smc/inst/clk_map/psr_aclk/U0'
Parsing XDC File [/home/user18/workspace_ondevice_2/SoC/project_rxtx/project_rxtx.gen/sources_1/bd/design_1/ip/design_1_axi_smc_1/smartconnect.xdc] for cell 'design_1_i/axi_smc/inst'
Finished Parsing XDC File [/home/user18/workspace_ondevice_2/SoC/project_rxtx/project_rxtx.gen/sources_1/bd/design_1/ip/design_1_axi_smc_1/smartconnect.xdc] for cell 'design_1_i/axi_smc/inst'
Parsing XDC File [/home/user18/workspace_ondevice_2/SoC/project_rxtx/project_rxtx.gen/sources_1/bd/design_1/ip/design_1_axi_gpio_1_0/design_1_axi_gpio_1_0_board.xdc] for cell 'design_1_i/axi_gpio_1/U0'
Finished Parsing XDC File [/home/user18/workspace_ondevice_2/SoC/project_rxtx/project_rxtx.gen/sources_1/bd/design_1/ip/design_1_axi_gpio_1_0/design_1_axi_gpio_1_0_board.xdc] for cell 'design_1_i/axi_gpio_1/U0'
Parsing XDC File [/home/user18/workspace_ondevice_2/SoC/project_rxtx/project_rxtx.gen/sources_1/bd/design_1/ip/design_1_axi_gpio_1_0/design_1_axi_gpio_1_0.xdc] for cell 'design_1_i/axi_gpio_1/U0'
Finished Parsing XDC File [/home/user18/workspace_ondevice_2/SoC/project_rxtx/project_rxtx.gen/sources_1/bd/design_1/ip/design_1_axi_gpio_1_0/design_1_axi_gpio_1_0.xdc] for cell 'design_1_i/axi_gpio_1/U0'
Parsing XDC File [/home/user18/workspace_ondevice_2/SoC/project_rxtx/project_rxtx.gen/sources_1/bd/design_1/ip/design_1_axi_gpio_2_0/design_1_axi_gpio_2_0_board.xdc] for cell 'design_1_i/axi_gpio_2/U0'
Finished Parsing XDC File [/home/user18/workspace_ondevice_2/SoC/project_rxtx/project_rxtx.gen/sources_1/bd/design_1/ip/design_1_axi_gpio_2_0/design_1_axi_gpio_2_0_board.xdc] for cell 'design_1_i/axi_gpio_2/U0'
Parsing XDC File [/home/user18/workspace_ondevice_2/SoC/project_rxtx/project_rxtx.gen/sources_1/bd/design_1/ip/design_1_axi_gpio_2_0/design_1_axi_gpio_2_0.xdc] for cell 'design_1_i/axi_gpio_2/U0'
Finished Parsing XDC File [/home/user18/workspace_ondevice_2/SoC/project_rxtx/project_rxtx.gen/sources_1/bd/design_1/ip/design_1_axi_gpio_2_0/design_1_axi_gpio_2_0.xdc] for cell 'design_1_i/axi_gpio_2/U0'
Parsing XDC File [/home/user18/workspace_ondevice_2/SoC/project_rxtx/project_rxtx.gen/sources_1/bd/design_1/ip/design_1_axi_gpio_0_4/design_1_axi_gpio_0_4_board.xdc] for cell 'design_1_i/axi_gpio_0/U0'
Finished Parsing XDC File [/home/user18/workspace_ondevice_2/SoC/project_rxtx/project_rxtx.gen/sources_1/bd/design_1/ip/design_1_axi_gpio_0_4/design_1_axi_gpio_0_4_board.xdc] for cell 'design_1_i/axi_gpio_0/U0'
Parsing XDC File [/home/user18/workspace_ondevice_2/SoC/project_rxtx/project_rxtx.gen/sources_1/bd/design_1/ip/design_1_axi_gpio_0_4/design_1_axi_gpio_0_4.xdc] for cell 'design_1_i/axi_gpio_0/U0'
Finished Parsing XDC File [/home/user18/workspace_ondevice_2/SoC/project_rxtx/project_rxtx.gen/sources_1/bd/design_1/ip/design_1_axi_gpio_0_4/design_1_axi_gpio_0_4.xdc] for cell 'design_1_i/axi_gpio_0/U0'
Parsing XDC File [/home/user18/workspace_ondevice_2/SoC/project_rxtx/project_rxtx.srcs/constrs_1/imports/fpga/Basys-3-Master.xdc]
WARNING: [Vivado 12-584] No ports matched 'clk'. [/home/user18/workspace_ondevice_2/SoC/project_rxtx/project_rxtx.srcs/constrs_1/imports/fpga/Basys-3-Master.xdc:8]
CRITICAL WARNING: [Common 17-55] 'set_property' expects at least one object. [/home/user18/workspace_ondevice_2/SoC/project_rxtx/project_rxtx.srcs/constrs_1/imports/fpga/Basys-3-Master.xdc:8]
Resolution: If [get_<value>] was used to populate the object, check to make sure this command returns at least one valid object.
WARNING: [Vivado 12-584] No ports matched 'clk'. [/home/user18/workspace_ondevice_2/SoC/project_rxtx/project_rxtx.srcs/constrs_1/imports/fpga/Basys-3-Master.xdc:9]
CRITICAL WARNING: [Vivado 12-4739] create_clock:No valid object(s) found for '-objects [get_ports clk]'. [/home/user18/workspace_ondevice_2/SoC/project_rxtx/project_rxtx.srcs/constrs_1/imports/fpga/Basys-3-Master.xdc:9]
Resolution: Check if the specified object(s) exists in the current design. If it does, ensure that the correct design hierarchy was specified for the object. If you are working with clocks, make sure create_clock was used to create the clock object before it is referenced.
Finished Parsing XDC File [/home/user18/workspace_ondevice_2/SoC/project_rxtx/project_rxtx.srcs/constrs_1/imports/fpga/Basys-3-Master.xdc]
Parsing XDC File [/home/user18/workspace_ondevice_2/SoC/project_rxtx/project_rxtx.gen/sources_1/bd/design_1/ip/design_1_mdm_1_1/design_1_mdm_1_1.xdc] for cell 'design_1_i/mdm_1/U0'
Finished Parsing XDC File [/home/user18/workspace_ondevice_2/SoC/project_rxtx/project_rxtx.gen/sources_1/bd/design_1/ip/design_1_mdm_1_1/design_1_mdm_1_1.xdc] for cell 'design_1_i/mdm_1/U0'
INFO: [Project 1-1714] 78 XPM XDC files have been applied to the design.
INFO: [Opt 31-138] Pushed 0 inverter(s) to 0 load pin(s).
Generating merged BMM file for the design top 'design_1_wrapper'...
INFO: [Memdata 28-144] Successfully populated the BRAM INIT strings from the following elf files: /home/user18/workspace_ondevice_2/SoC/project_rxtx/project_rxtx.gen/sources_1/bd/design_1/ip/design_1_microblaze_riscv_0_1/data/riscv_bootloop.elf 
Netlist sorting complete. Time (s): cpu = 00:00:00 ; elapsed = 00:00:00 . Memory (MB): peak = 2279.441 ; gain = 0.000 ; free physical = 3624 ; free virtual = 38395
INFO: [Project 1-111] Unisim Transformation Summary:
  A total of 64 instances were transformed.
  LUT6_2 => LUT6_2 (LUT5, LUT6): 48 instances
  RAM32M => RAM32M (RAMD32(x6), RAMS32(x2)): 16 instances

29 Infos, 2 Warnings, 2 Critical Warnings and 0 Errors encountered.
link_design completed successfully
link_design: Time (s): cpu = 00:00:12 ; elapsed = 00:00:12 . Memory (MB): peak = 2279.441 ; gain = 810.949 ; free physical = 3624 ; free virtual = 38395
Command: opt_design
Attempting to get a license for feature 'Implementation' and/or device 'xc7a35t'
INFO: [Common 17-349] Got license for feature 'Implementation' and/or device 'xc7a35t'
Running DRC as a precondition to command opt_design

Starting DRC Task
INFO: [DRC 23-27] Running DRC with 8 threads
INFO: [Project 1-461] DRC finished with 0 Errors
INFO: [Project 1-462] Please refer to the DRC report (report_drc) for more information.

Time (s): cpu = 00:00:02 ; elapsed = 00:00:00.55 . Memory (MB): peak = 2313.129 ; gain = 33.688 ; free physical = 3555 ; free virtual = 38327

Starting Cache Timing Information Task
INFO: [Timing 38-35] Done setting XDC timing constraints.
Ending Cache Timing Information Task | Checksum: 20d77b425

Time (s): cpu = 00:00:00.41 ; elapsed = 00:00:00.22 . Memory (MB): peak = 2332.973 ; gain = 19.844 ; free physical = 3555 ; free virtual = 38326

Starting Logic Optimization Task

Phase 1 Initialization

Phase 1.1 Core Generation And Design Setup
Phase 1.1 Core Generation And Design Setup | Checksum: 20d77b425

Time (s): cpu = 00:00:00.01 ; elapsed = 00:00:00.01 . Memory (MB): peak = 2657.871 ; gain = 0.000 ; free physical = 3226 ; free virtual = 37998

Phase 1.2 Setup Constraints And Sort Netlist
Phase 1.2 Setup Constraints And Sort Netlist | Checksum: 20d77b425

Time (s): cpu = 00:00:00.02 ; elapsed = 00:00:00.02 . Memory (MB): peak = 2657.871 ; gain = 0.000 ; free physical = 3226 ; free virtual = 37998
Phase 1 Initialization | Checksum: 20d77b425

Time (s): cpu = 00:00:00.02 ; elapsed = 00:00:00.02 . Memory (MB): peak = 2657.871 ; gain = 0.000 ; free physical = 3226 ; free virtual = 37998

Phase 2 Timer Update And Timing Data Collection

Phase 2.1 Timer Update
Phase 2.1 Timer Update | Checksum: 20d77b425

Time (s): cpu = 00:00:00.22 ; elapsed = 00:00:00.07 . Memory (MB): peak = 2657.871 ; gain = 0.000 ; free physical = 3226 ; free virtual = 37998

Phase 2.2 Timing Data Collection
Phase 2.2 Timing Data Collection | Checksum: 20d77b425

Time (s): cpu = 00:00:00.24 ; elapsed = 00:00:00.09 . Memory (MB): peak = 2657.871 ; gain = 0.000 ; free physical = 3226 ; free virtual = 37998
Phase 2 Timer Update And Timing Data Collection | Checksum: 20d77b425

Time (s): cpu = 00:00:00.24 ; elapsed = 00:00:00.09 . Memory (MB): peak = 2657.871 ; gain = 0.000 ; free physical = 3226 ; free virtual = 37998

Phase 3 Retarget
INFO: [Opt 31-1851] Number of loadless carry chains removed were: 0
INFO: [Opt 31-1834] Total Chains To Be Transformed Were: 0 AND Number of Transformed insts Created are: 0
INFO: [Opt 31-1566] Pulled 1 inverters resulting in an inversion of 4 pins
INFO: [Opt 31-138] Pushed 5 inverter(s) to 9 load pin(s).
INFO: [Opt 31-49] Retargeted 0 cell(s).
Phase 3 Retarget | Checksum: 1ab3b2767

Time (s): cpu = 00:00:00.47 ; elapsed = 00:00:00.23 . Memory (MB): peak = 2657.871 ; gain = 0.000 ; free physical = 3226 ; free virtual = 37998
Retarget | Checksum: 1ab3b2767
INFO: [Opt 31-389] Phase Retarget created 77 cells and removed 124 cells
INFO: [Opt 31-1021] In phase Retarget, 143 netlist objects are constrained preventing optimization. Please run opt_design with -debug_log to get more detail. 

Phase 4 Constant propagation
INFO: [Opt 31-138] Pushed 0 inverter(s) to 0 load pin(s).
Phase 4 Constant propagation | Checksum: 1d80b0d5d

Time (s): cpu = 00:00:00.51 ; elapsed = 00:00:00.27 . Memory (MB): peak = 2657.871 ; gain = 0.000 ; free physical = 3226 ; free virtual = 37998
Constant propagation | Checksum: 1d80b0d5d
INFO: [Opt 31-389] Phase Constant propagation created 6 cells and removed 43 cells
INFO: [Opt 31-1021] In phase Constant propagation, 141 netlist objects are constrained preventing optimization. Please run opt_design with -debug_log to get more detail. 

Phase 5 Sweep
INFO: [Constraints 18-11670] Building netlist checker database with flags, 0x8
Done building netlist checker database: Time (s): cpu = 00:00:00 ; elapsed = 00:00:00 . Memory (MB): peak = 2657.871 ; gain = 0.000 ; free physical = 3226 ; free virtual = 37998
INFO: [Constraints 18-11670] Building netlist checker database with flags, 0x8
Done building netlist checker database: Time (s): cpu = 00:00:00 ; elapsed = 00:00:00 . Memory (MB): peak = 2657.871 ; gain = 0.000 ; free physical = 3226 ; free virtual = 37998
Phase 5 Sweep | Checksum: 205a24967

Time (s): cpu = 00:00:01 ; elapsed = 00:00:01 . Memory (MB): peak = 2657.871 ; gain = 0.000 ; free physical = 3226 ; free virtual = 37998
Sweep | Checksum: 205a24967
INFO: [Opt 31-389] Phase Sweep created 1 cells and removed 268 cells
INFO: [Opt 31-1021] In phase Sweep, 176 netlist objects are constrained preventing optimization. Please run opt_design with -debug_log to get more detail. 

Phase 6 BUFG optimization
INFO: [Opt 31-194] Inserted BUFG design_1_i/mdm_1/U0/Use_E2.BSCAN_I/tck_BUFG_inst to drive 51 load(s) on clock net design_1_i/mdm_1/U0/Use_E2.BSCAN_I/tck_BUFG
INFO: [Opt 31-193] Inserted 1 BUFG(s) on clock nets
Phase 6 BUFG optimization | Checksum: 177266e5b

Time (s): cpu = 00:00:01 ; elapsed = 00:00:01 . Memory (MB): peak = 2689.887 ; gain = 32.016 ; free physical = 3226 ; free virtual = 37998
BUFG optimization | Checksum: 177266e5b
INFO: [Opt 31-662] Phase BUFG optimization created 1 cells of which 1 are BUFGs and removed 0 cells.

Phase 7 Shift Register Optimization
INFO: [Opt 31-1064] SRL Remap converted 0 SRLs to 0 registers and converted 0 registers of register chains to 0 SRLs
Phase 7 Shift Register Optimization | Checksum: 177266e5b

Time (s): cpu = 00:00:01 ; elapsed = 00:00:01 . Memory (MB): peak = 2689.887 ; gain = 32.016 ; free physical = 3226 ; free virtual = 37998
Shift Register Optimization | Checksum: 177266e5b
INFO: [Opt 31-389] Phase Shift Register Optimization created 0 cells and removed 0 cells

Phase 8 Post Processing Netlist
Phase 8 Post Processing Netlist | Checksum: 23cff885b

Time (s): cpu = 00:00:01 ; elapsed = 00:00:01 . Memory (MB): peak = 2689.887 ; gain = 32.016 ; free physical = 3226 ; free virtual = 37998
Post Processing Netlist | Checksum: 23cff885b
INFO: [Opt 31-389] Phase Post Processing Netlist created 0 cells and removed 0 cells
INFO: [Opt 31-1021] In phase Post Processing Netlist, 171 netlist objects are constrained preventing optimization. Please run opt_design with -debug_log to get more detail. 

Phase 9 Finalization

Phase 9.1 Finalizing Design Cores and Updating Shapes
Phase 9.1 Finalizing Design Cores and Updating Shapes | Checksum: 1e7545edd

Time (s): cpu = 00:00:02 ; elapsed = 00:00:01 . Memory (MB): peak = 2689.887 ; gain = 32.016 ; free physical = 3226 ; free virtual = 37998

Phase 9.2 Verifying Netlist Connectivity

Starting Connectivity Check Task

Time (s): cpu = 00:00:00 ; elapsed = 00:00:00.01 . Memory (MB): peak = 2689.887 ; gain = 0.000 ; free physical = 3226 ; free virtual = 37998
Phase 9.2 Verifying Netlist Connectivity | Checksum: 1e7545edd

Time (s): cpu = 00:00:02 ; elapsed = 00:00:01 . Memory (MB): peak = 2689.887 ; gain = 32.016 ; free physical = 3226 ; free virtual = 37998
Phase 9 Finalization | Checksum: 1e7545edd

Time (s): cpu = 00:00:02 ; elapsed = 00:00:01 . Memory (MB): peak = 2689.887 ; gain = 32.016 ; free physical = 3226 ; free virtual = 37998
Opt_design Change Summary
=========================


-------------------------------------------------------------------------------------------------------------------------
|  Phase                        |  #Cells created  |  #Cells Removed  |  #Constrained objects preventing optimizations  |
-------------------------------------------------------------------------------------------------------------------------
|  Retarget                     |              77  |             124  |                                            143  |
|  Constant propagation         |               6  |              43  |                                            141  |
|  Sweep                        |               1  |             268  |                                            176  |
|  BUFG optimization            |               1  |               0  |                                              0  |
|  Shift Register Optimization  |               0  |               0  |                                              0  |
|  Post Processing Netlist      |               0  |               0  |                                            171  |
-------------------------------------------------------------------------------------------------------------------------


Ending Logic Optimization Task | Checksum: 1e7545edd

Time (s): cpu = 00:00:02 ; elapsed = 00:00:01 . Memory (MB): peak = 2689.887 ; gain = 32.016 ; free physical = 3226 ; free virtual = 37998

Starting Power Optimization Task
INFO: [Pwropt 34-132] Skipping clock gating for clocks with a period < 2.00 ns.
INFO: [Timing 38-35] Done setting XDC timing constraints.
Running Vector-less Activity Propagation...

Finished Running Vector-less Activity Propagation
INFO: [Pwropt 34-9] Applying IDT optimizations ...
INFO: [Pwropt 34-10] Applying ODC optimizations ...


Starting PowerOpt Patch Enables Task
INFO: [Pwropt 34-162] WRITE_MODE attribute of 0 BRAM(s) out of a total of 32 has been updated to save power. Run report_power_opt to get a complete listing of the BRAMs updated.
INFO: [Pwropt 34-201] Structural ODC has moved 0 WE to EN ports
Number of BRAM Ports augmented: 32 newly gated: 0 Total Ports: 64
Ending PowerOpt Patch Enables Task | Checksum: 22eb39301

Time (s): cpu = 00:00:00.2 ; elapsed = 00:00:00.16 . Memory (MB): peak = 2935.754 ; gain = 0.000 ; free physical = 3109 ; free virtual = 37881
Ending Power Optimization Task | Checksum: 22eb39301

Time (s): cpu = 00:00:04 ; elapsed = 00:00:03 . Memory (MB): peak = 2935.754 ; gain = 245.867 ; free physical = 3109 ; free virtual = 37881

Starting Final Cleanup Task

Starting Logic Optimization Task
INFO: [Timing 38-35] Done setting XDC timing constraints.
Ending Logic Optimization Task | Checksum: 17c8066ac

Time (s): cpu = 00:00:00.7 ; elapsed = 00:00:00.4 . Memory (MB): peak = 2935.754 ; gain = 0.000 ; free physical = 3111 ; free virtual = 37883
Ending Final Cleanup Task | Checksum: 17c8066ac

Time (s): cpu = 00:00:03 ; elapsed = 00:00:02 . Memory (MB): peak = 2935.754 ; gain = 0.000 ; free physical = 3111 ; free virtual = 37883

Starting Netlist Obfuscation Task
Netlist sorting complete. Time (s): cpu = 00:00:00 ; elapsed = 00:00:00.01 . Memory (MB): peak = 2935.754 ; gain = 0.000 ; free physical = 3111 ; free virtual = 37883
Ending Netlist Obfuscation Task | Checksum: 17c8066ac

Time (s): cpu = 00:00:00 ; elapsed = 00:00:00.01 . Memory (MB): peak = 2935.754 ; gain = 0.000 ; free physical = 3111 ; free virtual = 37883
INFO: [Common 17-83] Releasing license: Implementation
63 Infos, 2 Warnings, 2 Critical Warnings and 0 Errors encountered.
opt_design completed successfully
opt_design: Time (s): cpu = 00:00:13 ; elapsed = 00:00:09 . Memory (MB): peak = 2935.754 ; gain = 656.312 ; free physical = 3111 ; free virtual = 37883
INFO: [Vivado 12-24828] Executing command : report_drc -file design_1_wrapper_drc_opted.rpt -pb design_1_wrapper_drc_opted.pb -rpx design_1_wrapper_drc_opted.rpx
Command: report_drc -file design_1_wrapper_drc_opted.rpt -pb design_1_wrapper_drc_opted.pb -rpx design_1_wrapper_drc_opted.rpx
INFO: [IP_Flow 19-1839] IP Catalog is up to date.
INFO: [DRC 23-27] Running DRC with 8 threads
INFO: [Vivado_Tcl 2-168] The results of DRC are in file /home/user18/workspace_ondevice_2/SoC/project_rxtx/project_rxtx.runs/impl_1/design_1_wrapper_drc_opted.rpt.
report_drc completed successfully
INFO: [Timing 38-35] Done setting XDC timing constraints.
INFO: [Timing 38-480] Writing timing data to binary archive.
Wrote PlaceDB: Time (s): cpu = 00:00:00 ; elapsed = 00:00:00 . Memory (MB): peak = 2935.754 ; gain = 0.000 ; free physical = 3120 ; free virtual = 37893
Wrote PulsedLatchDB: Time (s): cpu = 00:00:00 ; elapsed = 00:00:00 . Memory (MB): peak = 2935.754 ; gain = 0.000 ; free physical = 3120 ; free virtual = 37892
Writing XDEF routing.
Write ShapeDB Complete: Time (s): cpu = 00:00:00.02 ; elapsed = 00:00:00.01 . Memory (MB): peak = 2935.754 ; gain = 0.000 ; free physical = 3120 ; free virtual = 37892
Writing XDEF routing logical nets.
Writing XDEF routing special nets.
Wrote RouteStorage: Time (s): cpu = 00:00:00.07 ; elapsed = 00:00:00.02 . Memory (MB): peak = 2935.754 ; gain = 0.000 ; free physical = 3120 ; free virtual = 37892
Wrote Netlist Cache: Time (s): cpu = 00:00:00 ; elapsed = 00:00:00 . Memory (MB): peak = 2935.754 ; gain = 0.000 ; free physical = 3120 ; free virtual = 37892
Wrote Device Cache: Time (s): cpu = 00:00:00.01 ; elapsed = 00:00:00.01 . Memory (MB): peak = 2935.754 ; gain = 0.000 ; free physical = 3120 ; free virtual = 37893
Write Physdb Complete: Time (s): cpu = 00:00:00.09 ; elapsed = 00:00:00.03 . Memory (MB): peak = 2935.754 ; gain = 0.000 ; free physical = 3120 ; free virtual = 37893
INFO: [Common 17-1381] The checkpoint '/home/user18/workspace_ondevice_2/SoC/project_rxtx/project_rxtx.runs/impl_1/design_1_wrapper_opt.dcp' has been generated.
Command: place_design
Attempting to get a license for feature 'Implementation' and/or device 'xc7a35t'
INFO: [Common 17-349] Got license for feature 'Implementation' and/or device 'xc7a35t'
INFO: [Common 17-83] Releasing license: Implementation
INFO: [DRC 23-27] Running DRC with 8 threads
INFO: [Vivado_Tcl 4-198] DRC finished with 0 Errors
INFO: [Vivado_Tcl 4-199] Please refer to the DRC report (report_drc) for more information.
Running DRC as a precondition to command place_design
INFO: [DRC 23-27] Running DRC with 8 threads
INFO: [Vivado_Tcl 4-198] DRC finished with 0 Errors
INFO: [Vivado_Tcl 4-199] Please refer to the DRC report (report_drc) for more information.
INFO: [Place 30-611] Multithreading enabled for place_design using a maximum of 8 CPUs

Starting Placer Task

Phase 1 Placer Initialization

Phase 1.1 Placer Initialization Netlist Sorting
Netlist sorting complete. Time (s): cpu = 00:00:00.01 ; elapsed = 00:00:00 . Memory (MB): peak = 2935.754 ; gain = 0.000 ; free physical = 3103 ; free virtual = 37877
Phase 1.1 Placer Initialization Netlist Sorting | Checksum: 1042d307a

Time (s): cpu = 00:00:00.01 ; elapsed = 00:00:00 . Memory (MB): peak = 2935.754 ; gain = 0.000 ; free physical = 3103 ; free virtual = 37877
Netlist sorting complete. Time (s): cpu = 00:00:00 ; elapsed = 00:00:00 . Memory (MB): peak = 2935.754 ; gain = 0.000 ; free physical = 3103 ; free virtual = 37877

Phase 1.2 IO Placement/ Clock Placement/ Build Placer Device
Phase 1.2 IO Placement/ Clock Placement/ Build Placer Device | Checksum: 1976bad6e

Time (s): cpu = 00:00:00.81 ; elapsed = 00:00:00.25 . Memory (MB): peak = 2935.754 ; gain = 0.000 ; free physical = 3103 ; free virtual = 37877

Phase 1.3 Build Placer Netlist Model
Phase 1.3 Build Placer Netlist Model | Checksum: 20709d23d

Time (s): cpu = 00:00:03 ; elapsed = 00:00:00.94 . Memory (MB): peak = 2935.754 ; gain = 0.000 ; free physical = 3103 ; free virtual = 37877

Phase 1.4 Constrain Clocks/Macros
Phase 1.4 Constrain Clocks/Macros | Checksum: 20709d23d

Time (s): cpu = 00:00:03 ; elapsed = 00:00:00.95 . Memory (MB): peak = 2935.754 ; gain = 0.000 ; free physical = 3103 ; free virtual = 37877
Phase 1 Placer Initialization | Checksum: 20709d23d

Time (s): cpu = 00:00:03 ; elapsed = 00:00:00.96 . Memory (MB): peak = 2935.754 ; gain = 0.000 ; free physical = 3103 ; free virtual = 37877

Phase 2 Global Placement

Phase 2.1 Floorplanning
Phase 2.1 Floorplanning | Checksum: 1d3b08cf8

Time (s): cpu = 00:00:04 ; elapsed = 00:00:01 . Memory (MB): peak = 2935.754 ; gain = 0.000 ; free physical = 3099 ; free virtual = 37873

Phase 2.2 Update Timing before SLR Path Opt
Phase 2.2 Update Timing before SLR Path Opt | Checksum: 1ba182873

Time (s): cpu = 00:00:04 ; elapsed = 00:00:01 . Memory (MB): peak = 2935.754 ; gain = 0.000 ; free physical = 3120 ; free virtual = 37894

Phase 2.3 Post-Processing in Floorplanning
Phase 2.3 Post-Processing in Floorplanning | Checksum: 1ba182873

Time (s): cpu = 00:00:04 ; elapsed = 00:00:01 . Memory (MB): peak = 2935.754 ; gain = 0.000 ; free physical = 3120 ; free virtual = 37894

Phase 2.4 Global Place Phase1
Phase 2.4 Global Place Phase1 | Checksum: 1d58886b6

Time (s): cpu = 00:00:14 ; elapsed = 00:00:04 . Memory (MB): peak = 2935.754 ; gain = 0.000 ; free physical = 3085 ; free virtual = 37859

Phase 2.5 Global Place Phase2

Phase 2.5.1 UpdateTiming Before Physical Synthesis
Phase 2.5.1 UpdateTiming Before Physical Synthesis | Checksum: 1e2a46577

Time (s): cpu = 00:00:15 ; elapsed = 00:00:04 . Memory (MB): peak = 2935.754 ; gain = 0.000 ; free physical = 3084 ; free virtual = 37859

Phase 2.5.2 Physical Synthesis In Placer
INFO: [Physopt 32-1035] Found 0 LUTNM shape to break, 223 LUT instances to create LUTNM shape
INFO: [Physopt 32-1044] Break lutnm for timing: one critical 0, two critical 0, total 0, new lutff created 0
INFO: [Physopt 32-1138] End 1 Pass. Optimized 100 nets or LUTs. Breaked 0 LUT, combined 100 existing LUTs and moved 0 existing LUT
INFO: [Physopt 32-65] No nets found for high-fanout optimization.
INFO: [Physopt 32-232] Optimized 0 net. Created 0 new instance.
INFO: [Physopt 32-775] End 1 Pass. Optimized 0 net or cell. Created 0 new cell, deleted 0 existing cell and moved 0 existing cell
INFO: [Physopt 32-670] No setup violation found.  DSP Register Optimization was not performed.
INFO: [Physopt 32-670] No setup violation found.  Shift Register to Pipeline Optimization was not performed.
INFO: [Physopt 32-670] No setup violation found.  Shift Register Optimization was not performed.
INFO: [Physopt 32-670] No setup violation found.  BRAM Register Optimization was not performed.
INFO: [Physopt 32-670] No setup violation found.  URAM Register Optimization was not performed.
INFO: [Physopt 32-949] No candidate nets found for dynamic/static region interface net replication
INFO: [Physopt 32-775] End 1 Pass. Optimized 0 net or cell. Created 0 new cell, deleted 0 existing cell and moved 0 existing cell
Netlist sorting complete. Time (s): cpu = 00:00:00 ; elapsed = 00:00:00 . Memory (MB): peak = 2935.754 ; gain = 0.000 ; free physical = 3085 ; free virtual = 37859

Summary of Physical Synthesis Optimizations
============================================


-----------------------------------------------------------------------------------------------------------------------------------------------------------
|  Optimization                                     |  Added Cells  |  Removed Cells  |  Optimized Cells/Nets  |  Dont Touch  |  Iterations  |  Elapsed   |
-----------------------------------------------------------------------------------------------------------------------------------------------------------
|  LUT Combining                                    |            0  |            100  |                   100  |           0  |           1  |  00:00:00  |
|  Retime                                           |            0  |              0  |                     0  |           0  |           1  |  00:00:00  |
|  Very High Fanout                                 |            0  |              0  |                     0  |           0  |           1  |  00:00:00  |
|  DSP Register                                     |            0  |              0  |                     0  |           0  |           0  |  00:00:00  |
|  Shift Register to Pipeline                       |            0  |              0  |                     0  |           0  |           0  |  00:00:00  |
|  Shift Register                                   |            0  |              0  |                     0  |           0  |           0  |  00:00:00  |
|  BRAM Register                                    |            0  |              0  |                     0  |           0  |           0  |  00:00:00  |
|  URAM Register                                    |            0  |              0  |                     0  |           0  |           0  |  00:00:00  |
|  Dynamic/Static Region Interface Net Replication  |            0  |              0  |                     0  |           0  |           1  |  00:00:00  |
|  Total                                            |            0  |            100  |                   100  |           0  |           4  |  00:00:00  |
-----------------------------------------------------------------------------------------------------------------------------------------------------------


Phase 2.5.2 Physical Synthesis In Placer | Checksum: 182b1bba1

Time (s): cpu = 00:00:16 ; elapsed = 00:00:04 . Memory (MB): peak = 2935.754 ; gain = 0.000 ; free physical = 3083 ; free virtual = 37857
Phase 2.5 Global Place Phase2 | Checksum: 16e3959d9

Time (s): cpu = 00:00:17 ; elapsed = 00:00:05 . Memory (MB): peak = 2935.754 ; gain = 0.000 ; free physical = 3083 ; free virtual = 37857
Phase 2 Global Placement | Checksum: 16e3959d9

Time (s): cpu = 00:00:17 ; elapsed = 00:00:05 . Memory (MB): peak = 2935.754 ; gain = 0.000 ; free physical = 3083 ; free virtual = 37857

Phase 3 Detail Placement

Phase 3.1 Commit Multi Column Macros
Phase 3.1 Commit Multi Column Macros | Checksum: 1b680d1f0

Time (s): cpu = 00:00:17 ; elapsed = 00:00:05 . Memory (MB): peak = 2935.754 ; gain = 0.000 ; free physical = 3083 ; free virtual = 37858

Phase 3.2 Commit Most Macros & LUTRAMs
Phase 3.2 Commit Most Macros & LUTRAMs | Checksum: 1f373a599

Time (s): cpu = 00:00:19 ; elapsed = 00:00:05 . Memory (MB): peak = 2935.754 ; gain = 0.000 ; free physical = 3083 ; free virtual = 37857

Phase 3.3 Area Swap Optimization
Phase 3.3 Area Swap Optimization | Checksum: 2908d4cb8

Time (s): cpu = 00:00:19 ; elapsed = 00:00:05 . Memory (MB): peak = 2935.754 ; gain = 0.000 ; free physical = 3083 ; free virtual = 37857

Phase 3.4 Pipeline Register Optimization
Phase 3.4 Pipeline Register Optimization | Checksum: 21a082386

Time (s): cpu = 00:00:19 ; elapsed = 00:00:05 . Memory (MB): peak = 2935.754 ; gain = 0.000 ; free physical = 3083 ; free virtual = 37857

Phase 3.5 Small Shape Detail Placement
Phase 3.5 Small Shape Detail Placement | Checksum: 124881d6e

Time (s): cpu = 00:00:20 ; elapsed = 00:00:06 . Memory (MB): peak = 2935.754 ; gain = 0.000 ; free physical = 3087 ; free virtual = 37861

Phase 3.6 Re-assign LUT pins
Phase 3.6 Re-assign LUT pins | Checksum: 1acbd67d1

Time (s): cpu = 00:00:20 ; elapsed = 00:00:06 . Memory (MB): peak = 2935.754 ; gain = 0.000 ; free physical = 3086 ; free virtual = 37860

Phase 3.7 Pipeline Register Optimization
Phase 3.7 Pipeline Register Optimization | Checksum: 1d6f2e3d6

Time (s): cpu = 00:00:20 ; elapsed = 00:00:06 . Memory (MB): peak = 2935.754 ; gain = 0.000 ; free physical = 3086 ; free virtual = 37860
Phase 3 Detail Placement | Checksum: 1d6f2e3d6

Time (s): cpu = 00:00:21 ; elapsed = 00:00:06 . Memory (MB): peak = 2935.754 ; gain = 0.000 ; free physical = 3086 ; free virtual = 37860

Phase 4 Post Placement Optimization and Clean-Up

Phase 4.1 Post Commit Optimization
INFO: [Timing 38-35] Done setting XDC timing constraints.

Phase 4.1.1 Post Placement Optimization
Post Placement Optimization Initialization | Checksum: 2f2034e16

Phase 4.1.1.1 BUFG Insertion

Starting Physical Synthesis Task

Phase 1 Physical Synthesis Initialization
INFO: [Physopt 32-721] Multithreading enabled for phys_opt_design using a maximum of 8 CPUs
INFO: [Physopt 32-619] Estimated Timing Summary | WNS=1.174 | TNS=0.000 |
Phase 1 Physical Synthesis Initialization | Checksum: 224cfa731

Time (s): cpu = 00:00:00.35 ; elapsed = 00:00:00.1 . Memory (MB): peak = 2935.754 ; gain = 0.000 ; free physical = 3094 ; free virtual = 37868
INFO: [Place 46-56] BUFG insertion identified 0 candidate nets. Inserted BUFG: 0, Replicated BUFG Driver: 0, Skipped due to Placement/Routing Conflicts: 0, Skipped due to Timing Degradation: 0, Skipped due to netlist editing failed: 0.
Ending Physical Synthesis Task | Checksum: 2723c2ddc

Time (s): cpu = 00:00:00.4 ; elapsed = 00:00:00.12 . Memory (MB): peak = 2935.754 ; gain = 0.000 ; free physical = 3094 ; free virtual = 37868
Phase 4.1.1.1 BUFG Insertion | Checksum: 2f2034e16

Time (s): cpu = 00:00:23 ; elapsed = 00:00:07 . Memory (MB): peak = 2935.754 ; gain = 0.000 ; free physical = 3094 ; free virtual = 37868

Phase 4.1.1.2 Post Placement Timing Optimization
INFO: [Place 30-746] Post Placement Timing Summary WNS=1.174. For the most accurate timing information please run report_timing.
Phase 4.1.1.2 Post Placement Timing Optimization | Checksum: 240c3b2a8

Time (s): cpu = 00:00:23 ; elapsed = 00:00:07 . Memory (MB): peak = 2935.754 ; gain = 0.000 ; free physical = 3094 ; free virtual = 37868

Time (s): cpu = 00:00:23 ; elapsed = 00:00:07 . Memory (MB): peak = 2935.754 ; gain = 0.000 ; free physical = 3094 ; free virtual = 37868
Phase 4.1 Post Commit Optimization | Checksum: 240c3b2a8

Time (s): cpu = 00:00:23 ; elapsed = 00:00:07 . Memory (MB): peak = 2935.754 ; gain = 0.000 ; free physical = 3094 ; free virtual = 37868

Phase 4.2 Post Placement Cleanup
Phase 4.2 Post Placement Cleanup | Checksum: 240c3b2a8

Time (s): cpu = 00:00:23 ; elapsed = 00:00:07 . Memory (MB): peak = 2935.754 ; gain = 0.000 ; free physical = 3094 ; free virtual = 37868

Phase 4.3 Placer Reporting

Phase 4.3.1 Print Estimated Congestion
INFO: [Place 30-612] Post-Placement Estimated Congestion 
 ____________________________________________________
|           | Global Congestion | Short Congestion  |
| Direction | Region Size       | Region Size       |
|___________|___________________|___________________|
|      North|                1x1|                1x1|
|___________|___________________|___________________|
|      South|                1x1|                2x2|
|___________|___________________|___________________|
|       East|                1x1|                1x1|
|___________|___________________|___________________|
|       West|                1x1|                1x1|
|___________|___________________|___________________|

Phase 4.3.1 Print Estimated Congestion | Checksum: 240c3b2a8

Time (s): cpu = 00:00:23 ; elapsed = 00:00:07 . Memory (MB): peak = 2935.754 ; gain = 0.000 ; free physical = 3094 ; free virtual = 37868
Phase 4.3 Placer Reporting | Checksum: 240c3b2a8

Time (s): cpu = 00:00:23 ; elapsed = 00:00:07 . Memory (MB): peak = 2935.754 ; gain = 0.000 ; free physical = 3094 ; free virtual = 37868

Phase 4.4 Final Placement Cleanup
Netlist sorting complete. Time (s): cpu = 00:00:00 ; elapsed = 00:00:00 . Memory (MB): peak = 2935.754 ; gain = 0.000 ; free physical = 3094 ; free virtual = 37868

Time (s): cpu = 00:00:23 ; elapsed = 00:00:07 . Memory (MB): peak = 2935.754 ; gain = 0.000 ; free physical = 3094 ; free virtual = 37868
Phase 4 Post Placement Optimization and Clean-Up | Checksum: 1a0e52fa9

Time (s): cpu = 00:00:23 ; elapsed = 00:00:07 . Memory (MB): peak = 2935.754 ; gain = 0.000 ; free physical = 3094 ; free virtual = 37869
Ending Placer Task | Checksum: 15a0a74ab

Time (s): cpu = 00:00:24 ; elapsed = 00:00:07 . Memory (MB): peak = 2935.754 ; gain = 0.000 ; free physical = 3094 ; free virtual = 37869
98 Infos, 2 Warnings, 2 Critical Warnings and 0 Errors encountered.
place_design completed successfully
place_design: Time (s): cpu = 00:00:27 ; elapsed = 00:00:08 . Memory (MB): peak = 2935.754 ; gain = 0.000 ; free physical = 3094 ; free virtual = 37869
INFO: [Vivado 12-24838] Running report commands "report_control_sets, report_io, report_utilization" in parallel.
Running report generation with 3 threads.
INFO: [Vivado 12-24828] Executing command : report_control_sets -verbose -file design_1_wrapper_control_sets_placed.rpt
report_control_sets: Time (s): cpu = 00:00:00.09 ; elapsed = 00:00:00.07 . Memory (MB): peak = 2935.754 ; gain = 0.000 ; free physical = 3080 ; free virtual = 37855
INFO: [Vivado 12-24828] Executing command : report_io -file design_1_wrapper_io_placed.rpt
report_io: Time (s): cpu = 00:00:00.15 ; elapsed = 00:00:00.12 . Memory (MB): peak = 2935.754 ; gain = 0.000 ; free physical = 3074 ; free virtual = 37849
INFO: [Vivado 12-24828] Executing command : report_utilization -file design_1_wrapper_utilization_placed.rpt -pb design_1_wrapper_utilization_placed.pb
INFO: [Timing 38-480] Writing timing data to binary archive.
Write ShapeDB Complete: Time (s): cpu = 00:00:00.05 ; elapsed = 00:00:00.01 . Memory (MB): peak = 2935.754 ; gain = 0.000 ; free physical = 3083 ; free virtual = 37858
Wrote PlaceDB: Time (s): cpu = 00:00:00.74 ; elapsed = 00:00:00.21 . Memory (MB): peak = 2935.754 ; gain = 0.000 ; free physical = 3066 ; free virtual = 37847
Wrote PulsedLatchDB: Time (s): cpu = 00:00:00 ; elapsed = 00:00:00 . Memory (MB): peak = 2935.754 ; gain = 0.000 ; free physical = 3066 ; free virtual = 37847
Writing XDEF routing.
Writing XDEF routing logical nets.
Writing XDEF routing special nets.
Wrote RouteStorage: Time (s): cpu = 00:00:00.05 ; elapsed = 00:00:00.02 . Memory (MB): peak = 2935.754 ; gain = 0.000 ; free physical = 3066 ; free virtual = 37847
Wrote Netlist Cache: Time (s): cpu = 00:00:00.01 ; elapsed = 00:00:00 . Memory (MB): peak = 2935.754 ; gain = 0.000 ; free physical = 3066 ; free virtual = 37848
Wrote Device Cache: Time (s): cpu = 00:00:00.01 ; elapsed = 00:00:00 . Memory (MB): peak = 2935.754 ; gain = 0.000 ; free physical = 3058 ; free virtual = 37840
Write Physdb Complete: Time (s): cpu = 00:00:00.82 ; elapsed = 00:00:00.24 . Memory (MB): peak = 2935.754 ; gain = 0.000 ; free physical = 3058 ; free virtual = 37840
INFO: [Common 17-1381] The checkpoint '/home/user18/workspace_ondevice_2/SoC/project_rxtx/project_rxtx.runs/impl_1/design_1_wrapper_placed.dcp' has been generated.
Command: phys_opt_design
Attempting to get a license for feature 'Implementation' and/or device 'xc7a35t'
INFO: [Common 17-349] Got license for feature 'Implementation' and/or device 'xc7a35t'

Starting Initial Update Timing Task

Time (s): cpu = 00:00:01 ; elapsed = 00:00:00.43 . Memory (MB): peak = 2935.754 ; gain = 0.000 ; free physical = 3048 ; free virtual = 37825
INFO: [Vivado_Tcl 4-2279] Estimated Timing Summary | WNS= 1.174 | TNS= 0.000 | 
INFO: [Vivado_Tcl 4-383] Design worst setup slack (WNS) is greater than or equal to 0.000 ns. All physical synthesis setup optimizations will be skipped.
INFO: [Vivado_Tcl 4-232] No setup violation found. The netlist was not modified.
INFO: [Common 17-83] Releasing license: Implementation
109 Infos, 2 Warnings, 2 Critical Warnings and 0 Errors encountered.
phys_opt_design completed successfully
INFO: [Timing 38-480] Writing timing data to binary archive.
Write ShapeDB Complete: Time (s): cpu = 00:00:00.04 ; elapsed = 00:00:00.01 . Memory (MB): peak = 2935.754 ; gain = 0.000 ; free physical = 3048 ; free virtual = 37826
Wrote PlaceDB: Time (s): cpu = 00:00:00.74 ; elapsed = 00:00:00.21 . Memory (MB): peak = 2935.754 ; gain = 0.000 ; free physical = 3041 ; free virtual = 37825
Wrote PulsedLatchDB: Time (s): cpu = 00:00:00 ; elapsed = 00:00:00 . Memory (MB): peak = 2935.754 ; gain = 0.000 ; free physical = 3041 ; free virtual = 37825
Writing XDEF routing.
Writing XDEF routing logical nets.
Writing XDEF routing special nets.
Wrote RouteStorage: Time (s): cpu = 00:00:00.04 ; elapsed = 00:00:00.02 . Memory (MB): peak = 2935.754 ; gain = 0.000 ; free physical = 3041 ; free virtual = 37826
Wrote Netlist Cache: Time (s): cpu = 00:00:00.01 ; elapsed = 00:00:00 . Memory (MB): peak = 2935.754 ; gain = 0.000 ; free physical = 3041 ; free virtual = 37825
Wrote Device Cache: Time (s): cpu = 00:00:00.01 ; elapsed = 00:00:00.01 . Memory (MB): peak = 2935.754 ; gain = 0.000 ; free physical = 3038 ; free virtual = 37823
Write Physdb Complete: Time (s): cpu = 00:00:00.81 ; elapsed = 00:00:00.24 . Memory (MB): peak = 2935.754 ; gain = 0.000 ; free physical = 3038 ; free virtual = 37823
INFO: [Common 17-1381] The checkpoint '/home/user18/workspace_ondevice_2/SoC/project_rxtx/project_rxtx.runs/impl_1/design_1_wrapper_physopt.dcp' has been generated.
Command: route_design
Attempting to get a license for feature 'Implementation' and/or device 'xc7a35t'
INFO: [Common 17-349] Got license for feature 'Implementation' and/or device 'xc7a35t'


Starting Routing Task
INFO: [Route 35-254] Multithreading enabled for route_design using a maximum of 8 CPUs

Phase 1 Build RT Design
Checksum: PlaceDB: a50580c0 ConstDB: 0 ShapeSum: 14839794 RouteDB: a0815c57
Post Restoration Checksum: NetGraph: 93d2fb1 | NumContArr: 6469d9af | Constraints: c2a8fa9d | Timing: c2a8fa9d
Phase 1 Build RT Design | Checksum: 1f2f8fe9a

Time (s): cpu = 00:00:15 ; elapsed = 00:00:12 . Memory (MB): peak = 2935.754 ; gain = 0.000 ; free physical = 2976 ; free virtual = 37756

Phase 2 Router Initialization

Phase 2.1 Fix Topology Constraints
Phase 2.1 Fix Topology Constraints | Checksum: 1f2f8fe9a

Time (s): cpu = 00:00:15 ; elapsed = 00:00:12 . Memory (MB): peak = 2935.754 ; gain = 0.000 ; free physical = 2976 ; free virtual = 37756

Phase 2.2 Pre Route Cleanup
Phase 2.2 Pre Route Cleanup | Checksum: 1f2f8fe9a

Time (s): cpu = 00:00:15 ; elapsed = 00:00:12 . Memory (MB): peak = 2935.754 ; gain = 0.000 ; free physical = 2976 ; free virtual = 37756
 Number of Nodes with overlaps = 0

Phase 2.3 Update Timing
Phase 2.3 Update Timing | Checksum: 2e131bbf7

Time (s): cpu = 00:00:18 ; elapsed = 00:00:13 . Memory (MB): peak = 2935.754 ; gain = 0.000 ; free physical = 2960 ; free virtual = 37740
INFO: [Route 35-416] Intermediate Timing Summary | WNS=1.444  | TNS=0.000  | WHS=-0.241 | THS=-46.301|


Router Utilization Summary
  Global Vertical Routing Utilization    = 0.00366738 %
  Global Horizontal Routing Utilization  = 0.00117126 %
  Routable Net Status*
  *Does not include unroutable nets such as driverless and loadless.
  Run report_route_status for detailed report.
  Number of Failed Nets               = 4865
    (Failed Nets is the sum of unrouted and partially routed nets)
  Number of Unrouted Nets             = 4865
  Number of Partially Routed Nets     = 0
  Number of Node Overlaps             = 0

Phase 2 Router Initialization | Checksum: 2d4275f76

Time (s): cpu = 00:00:19 ; elapsed = 00:00:13 . Memory (MB): peak = 2935.754 ; gain = 0.000 ; free physical = 2952 ; free virtual = 37732

Phase 3 Global Routing
Phase 3 Global Routing | Checksum: 2d4275f76

Time (s): cpu = 00:00:19 ; elapsed = 00:00:13 . Memory (MB): peak = 2935.754 ; gain = 0.000 ; free physical = 2952 ; free virtual = 37732

Phase 4 Initial Routing

Phase 4.1 Initial Net Routing Pass
Phase 4.1 Initial Net Routing Pass | Checksum: 196de7cfb

Time (s): cpu = 00:00:23 ; elapsed = 00:00:14 . Memory (MB): peak = 2969.742 ; gain = 33.988 ; free physical = 2856 ; free virtual = 37636
Phase 4 Initial Routing | Checksum: 196de7cfb

Time (s): cpu = 00:00:23 ; elapsed = 00:00:14 . Memory (MB): peak = 2969.742 ; gain = 33.988 ; free physical = 2856 ; free virtual = 37636

Phase 5 Rip-up And Reroute

Phase 5.1 Global Iteration 0
 Number of Nodes with overlaps = 715
 Number of Nodes with overlaps = 118
 Number of Nodes with overlaps = 48
 Number of Nodes with overlaps = 15
 Number of Nodes with overlaps = 6
 Number of Nodes with overlaps = 1
 Number of Nodes with overlaps = 1
 Number of Nodes with overlaps = 0
INFO: [Route 35-416] Intermediate Timing Summary | WNS=0.976  | TNS=0.000  | WHS=N/A    | THS=N/A    |

Phase 5.1 Global Iteration 0 | Checksum: 2820ec395

Time (s): cpu = 00:00:28 ; elapsed = 00:00:18 . Memory (MB): peak = 2969.742 ; gain = 33.988 ; free physical = 2859 ; free virtual = 37639

Phase 5.2 Global Iteration 1
 Number of Nodes with overlaps = 0
INFO: [Route 35-416] Intermediate Timing Summary | WNS=0.976  | TNS=0.000  | WHS=N/A    | THS=N/A    |

Phase 5.2 Global Iteration 1 | Checksum: 1d17add8f

Time (s): cpu = 00:00:28 ; elapsed = 00:00:18 . Memory (MB): peak = 2969.742 ; gain = 33.988 ; free physical = 2859 ; free virtual = 37639
Phase 5 Rip-up And Reroute | Checksum: 1d17add8f

Time (s): cpu = 00:00:28 ; elapsed = 00:00:18 . Memory (MB): peak = 2969.742 ; gain = 33.988 ; free physical = 2859 ; free virtual = 37639

Phase 6 Delay and Skew Optimization

Phase 6.1 Delay CleanUp
Phase 6.1 Delay CleanUp | Checksum: 1d17add8f

Time (s): cpu = 00:00:28 ; elapsed = 00:00:18 . Memory (MB): peak = 2969.742 ; gain = 33.988 ; free physical = 2859 ; free virtual = 37639

Phase 6.2 Clock Skew Optimization
Phase 6.2 Clock Skew Optimization | Checksum: 1d17add8f

Time (s): cpu = 00:00:28 ; elapsed = 00:00:18 . Memory (MB): peak = 2969.742 ; gain = 33.988 ; free physical = 2859 ; free virtual = 37639
Phase 6 Delay and Skew Optimization | Checksum: 1d17add8f

Time (s): cpu = 00:00:28 ; elapsed = 00:00:18 . Memory (MB): peak = 2969.742 ; gain = 33.988 ; free physical = 2859 ; free virtual = 37639

Phase 7 Post Hold Fix

Phase 7.1 Hold Fix Iter
INFO: [Route 35-416] Intermediate Timing Summary | WNS=1.055  | TNS=0.000  | WHS=0.063  | THS=0.000  |

Phase 7.1 Hold Fix Iter | Checksum: 24dc948e7

Time (s): cpu = 00:00:29 ; elapsed = 00:00:18 . Memory (MB): peak = 2969.742 ; gain = 33.988 ; free physical = 2859 ; free virtual = 37639
Phase 7 Post Hold Fix | Checksum: 24dc948e7

Time (s): cpu = 00:00:29 ; elapsed = 00:00:18 . Memory (MB): peak = 2969.742 ; gain = 33.988 ; free physical = 2859 ; free virtual = 37639

Phase 8 Route finalize

Router Utilization Summary
  Global Vertical Routing Utilization    = 1.91182 %
  Global Horizontal Routing Utilization  = 2.193 %
  Routable Net Status*
  *Does not include unroutable nets such as driverless and loadless.
  Run report_route_status for detailed report.
  Number of Failed Nets               = 0
    (Failed Nets is the sum of unrouted and partially routed nets)
  Number of Unrouted Nets             = 0
  Number of Partially Routed Nets     = 0
  Number of Node Overlaps             = 0

Phase 8 Route finalize | Checksum: 24dc948e7

Time (s): cpu = 00:00:29 ; elapsed = 00:00:18 . Memory (MB): peak = 2969.742 ; gain = 33.988 ; free physical = 2859 ; free virtual = 37639

Phase 9 Verifying routed nets

 Verification completed successfully
Phase 9 Verifying routed nets | Checksum: 24dc948e7

Time (s): cpu = 00:00:29 ; elapsed = 00:00:18 . Memory (MB): peak = 2969.742 ; gain = 33.988 ; free physical = 2859 ; free virtual = 37639

Phase 10 Depositing Routes
Phase 10 Depositing Routes | Checksum: 219e73ba4

Time (s): cpu = 00:00:29 ; elapsed = 00:00:18 . Memory (MB): peak = 2969.742 ; gain = 33.988 ; free physical = 2859 ; free virtual = 37639

Phase 11 Post Process Routing
Phase 11 Post Process Routing | Checksum: 219e73ba4

Time (s): cpu = 00:00:29 ; elapsed = 00:00:18 . Memory (MB): peak = 2969.742 ; gain = 33.988 ; free physical = 2859 ; free virtual = 37639

Phase 12 Post Router Timing
INFO: [Route 35-57] Estimated Timing Summary | WNS=1.055  | TNS=0.000  | WHS=0.063  | THS=0.000  |

INFO: [Route 35-327] The final timing numbers are based on the router estimated timing analysis. For a complete and accurate timing signoff, please run report_timing_summary.
Phase 12 Post Router Timing | Checksum: 219e73ba4

Time (s): cpu = 00:00:29 ; elapsed = 00:00:18 . Memory (MB): peak = 2969.742 ; gain = 33.988 ; free physical = 2859 ; free virtual = 37639
Total Elapsed time in route_design: 18.18 secs

Phase 13 Post-Route Event Processing
Phase 13 Post-Route Event Processing | Checksum: 1434bb4d4

Time (s): cpu = 00:00:29 ; elapsed = 00:00:18 . Memory (MB): peak = 2969.742 ; gain = 33.988 ; free physical = 2859 ; free virtual = 37639
INFO: [Route 35-16] Router Completed Successfully
Ending Routing Task | Checksum: 1434bb4d4

Time (s): cpu = 00:00:29 ; elapsed = 00:00:18 . Memory (MB): peak = 2969.742 ; gain = 33.988 ; free physical = 2859 ; free virtual = 37639

Routing Is Done.
INFO: [Common 17-83] Releasing license: Implementation
121 Infos, 2 Warnings, 2 Critical Warnings and 0 Errors encountered.
route_design completed successfully
route_design: Time (s): cpu = 00:00:30 ; elapsed = 00:00:18 . Memory (MB): peak = 2969.742 ; gain = 33.988 ; free physical = 2853 ; free virtual = 37633
INFO: [Vivado 12-24828] Executing command : report_drc -file design_1_wrapper_drc_routed.rpt -pb design_1_wrapper_drc_routed.pb -rpx design_1_wrapper_drc_routed.rpx
Command: report_drc -file design_1_wrapper_drc_routed.rpt -pb design_1_wrapper_drc_routed.pb -rpx design_1_wrapper_drc_routed.rpx
INFO: [IP_Flow 19-1839] IP Catalog is up to date.
INFO: [DRC 23-27] Running DRC with 8 threads
INFO: [Vivado_Tcl 2-168] The results of DRC are in file /home/user18/workspace_ondevice_2/SoC/project_rxtx/project_rxtx.runs/impl_1/design_1_wrapper_drc_routed.rpt.
report_drc completed successfully
INFO: [Vivado 12-24828] Executing command : report_methodology -file design_1_wrapper_methodology_drc_routed.rpt -pb design_1_wrapper_methodology_drc_routed.pb -rpx design_1_wrapper_methodology_drc_routed.rpx
Command: report_methodology -file design_1_wrapper_methodology_drc_routed.rpt -pb design_1_wrapper_methodology_drc_routed.pb -rpx design_1_wrapper_methodology_drc_routed.rpx
INFO: [Timing 38-35] Done setting XDC timing constraints.
INFO: [DRC 23-133] Running Methodology with 8 threads
INFO: [Vivado_Tcl 2-1520] The results of Report Methodology are in file /home/user18/workspace_ondevice_2/SoC/project_rxtx/project_rxtx.runs/impl_1/design_1_wrapper_methodology_drc_routed.rpt.
report_methodology completed successfully
INFO: [Vivado 12-24828] Executing command : report_timing_summary -max_paths 10 -report_unconstrained -file design_1_wrapper_timing_summary_routed.rpt -pb design_1_wrapper_timing_summary_routed.pb -rpx design_1_wrapper_timing_summary_routed.rpx -warn_on_violation 
INFO: [Timing 38-35] Done setting XDC timing constraints.
INFO: [Timing 38-91] UpdateTimingParams: Speed grade: -1, Delay Type: min_max.
INFO: [Timing 38-191] Multithreading enabled for timing update using a maximum of 8 CPUs
INFO: [Vivado 12-24838] Running report commands "report_bus_skew, report_incremental_reuse, report_route_status" in parallel.
Running report generation with 3 threads.
INFO: [Vivado 12-24828] Executing command : report_incremental_reuse -file design_1_wrapper_incremental_reuse_routed.rpt
INFO: [Vivado_Tcl 4-1062] Incremental flow is disabled. No incremental reuse Info to report.
INFO: [Vivado 12-24828] Executing command : report_route_status -file design_1_wrapper_route_status.rpt -pb design_1_wrapper_route_status.pb
INFO: [Vivado 12-24828] Executing command : report_bus_skew -warn_on_violation -file design_1_wrapper_bus_skew_routed.rpt -pb design_1_wrapper_bus_skew_routed.pb -rpx design_1_wrapper_bus_skew_routed.rpx
INFO: [Timing 38-91] UpdateTimingParams: Speed grade: -1, Delay Type: min_max.
INFO: [Timing 38-191] Multithreading enabled for timing update using a maximum of 8 CPUs
INFO: [Vivado 12-24828] Executing command : report_power -file design_1_wrapper_power_routed.rpt -pb design_1_wrapper_power_summary_routed.pb -rpx design_1_wrapper_power_routed.rpx
Command: report_power -file design_1_wrapper_power_routed.rpt -pb design_1_wrapper_power_summary_routed.pb -rpx design_1_wrapper_power_routed.rpx
Running Vector-less Activity Propagation...

Finished Running Vector-less Activity Propagation
WARNING: [Power 33-332] Found switching activity that implies high-fanout reset nets being asserted for excessive periods of time which may result in inaccurate power analysis.
Resolution: To review and fix problems, please run Power Constraints Advisor in the GUI from Tools > Power Constraints Advisor or run report_power with the -advisory option to generate a text report.
141 Infos, 3 Warnings, 2 Critical Warnings and 0 Errors encountered.
report_power completed successfully
INFO: [Vivado 12-24828] Executing command : report_clock_utilization -file design_1_wrapper_clock_utilization_routed.rpt
generate_parallel_reports: Time (s): cpu = 00:00:19 ; elapsed = 00:00:05 . Memory (MB): peak = 3088.238 ; gain = 118.496 ; free physical = 2828 ; free virtual = 37615
INFO: [Timing 38-480] Writing timing data to binary archive.
Write ShapeDB Complete: Time (s): cpu = 00:00:00.04 ; elapsed = 00:00:00.01 . Memory (MB): peak = 3088.238 ; gain = 0.000 ; free physical = 2828 ; free virtual = 37615
Wrote PlaceDB: Time (s): cpu = 00:00:00.72 ; elapsed = 00:00:00.22 . Memory (MB): peak = 3088.238 ; gain = 0.000 ; free physical = 2815 ; free virtual = 37609
Wrote PulsedLatchDB: Time (s): cpu = 00:00:00 ; elapsed = 00:00:00 . Memory (MB): peak = 3088.238 ; gain = 0.000 ; free physical = 2815 ; free virtual = 37609
Writing XDEF routing.
Writing XDEF routing logical nets.
Writing XDEF routing special nets.
Wrote RouteStorage: Time (s): cpu = 00:00:00.16 ; elapsed = 00:00:00.04 . Memory (MB): peak = 3088.238 ; gain = 0.000 ; free physical = 2812 ; free virtual = 37605
Wrote Netlist Cache: Time (s): cpu = 00:00:00.01 ; elapsed = 00:00:00.01 . Memory (MB): peak = 3088.238 ; gain = 0.000 ; free physical = 2811 ; free virtual = 37606
Wrote Device Cache: Time (s): cpu = 00:00:00.01 ; elapsed = 00:00:00 . Memory (MB): peak = 3088.238 ; gain = 0.000 ; free physical = 2811 ; free virtual = 37606
Write Physdb Complete: Time (s): cpu = 00:00:00.91 ; elapsed = 00:00:00.27 . Memory (MB): peak = 3088.238 ; gain = 0.000 ; free physical = 2811 ; free virtual = 37606
INFO: [Common 17-1381] The checkpoint '/home/user18/workspace_ondevice_2/SoC/project_rxtx/project_rxtx.runs/impl_1/design_1_wrapper_routed.dcp' has been generated.
Command: write_bitstream -force design_1_wrapper.bit
Attempting to get a license for feature 'Implementation' and/or device 'xc7a35t'
INFO: [Common 17-349] Got license for feature 'Implementation' and/or device 'xc7a35t'
Running DRC as a precondition to command write_bitstream
INFO: [IP_Flow 19-1839] IP Catalog is up to date.
INFO: [DRC 23-27] Running DRC with 8 threads
INFO: [Vivado 12-3199] DRC finished with 0 Errors
INFO: [Vivado 12-3200] Please refer to the DRC report (report_drc) for more information.
INFO: [Designutils 20-2272] Running write_bitstream with 8 threads.
Loading data files...
Loading site data...
Loading route data...
Processing options...
Creating bitmap...
Creating bitstream...
Bitstream compression saved 12288736 bits.
Writing bitstream ./design_1_wrapper.bit...
INFO: [Vivado 12-1842] Bitgen Completed Successfully.
INFO: [Project 1-1876] WebTalk data collection is mandatory when using a ULT device. To see the specific WebTalk data collected for your design, open the usage_statistics_webtalk.html or usage_statistics_webtalk.xml file in the implementation directory.
INFO: [Common 17-83] Releasing license: Implementation
153 Infos, 3 Warnings, 2 Critical Warnings and 0 Errors encountered.
write_bitstream completed successfully
write_bitstream: Time (s): cpu = 00:00:19 ; elapsed = 00:00:18 . Memory (MB): peak = 3326.352 ; gain = 118.055 ; free physical = 2539 ; free virtual = 37329
INFO: [Common 17-206] Exiting Vivado at Mon Apr 20 12:18:28 2026...
